# JRE version: Java(TM) SE Runtime Environment (8.0_201-b09) (build 1.8.0_201-b09)
# Java VM: Java HotSpot(TM) 64-Bit Server VM (25.201-b09 mixed mode linux-amd64 compressed oops)
Heap:
 PSYoungGen      total 635904K, used 72658K [0x000000076cb00000, 0x0000000796800000, 0x00000007c0000000)
  eden space 601088K, 10% used [0x000000076cb00000,0x0000000770adf8f0,0x0000000791600000)
  from space 34816K, 20% used [0x0000000794600000,0x0000000794d15208,0x0000000796800000)
  to   space 41984K, 0% used [0x0000000791600000,0x0000000791600000,0x0000000793f00000)
 ParOldGen       total 294912K, used 135413K [0x00000006c6000000, 0x00000006d8000000, 0x000000076cb00000)
  object space 294912K, 45% used [0x00000006c6000000,0x00000006ce43d5f8,0x00000006d8000000)
 Metaspace       used 38067K, capacity 39260K, committed 39552K, reserved 1083392K
  class space    used 5150K, capacity 5421K, committed 5504K, reserved 1048576K
GC Heap History (10 events):
Event: 27,786 GC heap before
{Heap before GC invocations=15 (full 3):
 PSYoungGen      total 467456K, used 420178K [0x000000076cb00000, 0x0000000791700000, 0x00000007c0000000)
  eden space 415744K, 100% used [0x000000076cb00000,0x0000000786100000,0x0000000786100000)
  from space 51712K, 8% used [0x0000000786100000,0x0000000786554bd8,0x0000000789380000)
  to   space 50688K, 0% used [0x000000078e580000,0x000000078e580000,0x0000000791700000)
 ParOldGen       total 294912K, used 135381K [0x00000006c6000000, 0x00000006d8000000, 0x000000076cb00000)
  object space 294912K, 45% used [0x00000006c6000000,0x00000006ce4355f8,0x00000006d8000000)
 Metaspace       used 37517K, capacity 38736K, committed 39040K, reserved 1083392K
  class space    used 5139K, capacity 5411K, committed 5504K, reserved 1048576K
Event: 27,804 GC heap after
Heap after GC invocations=15 (full 3):
 PSYoungGen      total 526848K, used 4270K [0x000000076cb00000, 0x0000000790a00000, 0x00000007c0000000)
  eden space 489472K, 0% used [0x000000076cb00000,0x000000076cb00000,0x000000078a900000)
  from space 37376K, 11% used [0x000000078e580000,0x000000078e9abb88,0x0000000790a00000)
  to   space 49664K, 0% used [0x000000078a900000,0x000000078a900000,0x000000078d980000)
 ParOldGen       total 294912K, used 135389K [0x00000006c6000000, 0x00000006d8000000, 0x000000076cb00000)
  object space 294912K, 45% used [0x00000006c6000000,0x00000006ce4375f8,0x00000006d8000000)
 Metaspace       used 37517K, capacity 38736K, committed 39040K, reserved 1083392K
  class space    used 5139K, capacity 5411K, committed 5504K, reserved 1048576K
}
Event: 35,252 GC heap before
{Heap before GC invocations=16 (full 3):
 PSYoungGen      total 526848K, used 493742K [0x000000076cb00000, 0x0000000790a00000, 0x00000007c0000000)
  eden space 489472K, 100% used [0x000000076cb00000,0x000000078a900000,0x000000078a900000)
  from space 37376K, 11% used [0x000000078e580000,0x000000078e9abb88,0x0000000790a00000)
  to   space 49664K, 0% used [0x000000078a900000,0x000000078a900000,0x000000078d980000)
 ParOldGen       total 294912K, used 135389K [0x00000006c6000000, 0x00000006d8000000, 0x000000076cb00000)
  object space 294912K, 45% used [0x00000006c6000000,0x00000006ce4375f8,0x00000006d8000000)
 Metaspace       used 37703K, capacity 38910K, committed 39040K, reserved 1083392K
  class space    used 5148K, capacity 5418K, committed 5504K, reserved 1048576K
Event: 35,262 GC heap after
Heap after GC invocations=16 (full 3):
 PSYoungGen      total 539136K, used 5948K [0x000000076cb00000, 0x0000000794d80000, 0x00000007c0000000)
  eden space 489472K, 0% used [0x000000076cb00000,0x000000076cb00000,0x000000078a900000)
  from space 49664K, 11% used [0x000000078a900000,0x000000078aecf338,0x000000078d980000)
  to   space 48128K, 0% used [0x0000000791e80000,0x0000000791e80000,0x0000000794d80000)
 ParOldGen       total 294912K, used 135397K [0x00000006c6000000, 0x00000006d8000000, 0x000000076cb00000)
  object space 294912K, 45% used [0x00000006c6000000,0x00000006ce4395f8,0x00000006d8000000)
 Metaspace       used 37703K, capacity 38910K, committed 39040K, reserved 1083392K
  class space    used 5148K, capacity 5418K, committed 5504K, reserved 1048576K
}
Event: 43,067 GC heap before
{Heap before GC invocations=17 (full 3):
 PSYoungGen      total 539136K, used 495420K [0x000000076cb00000, 0x0000000794d80000, 0x00000007c0000000)
  eden space 489472K, 100% used [0x000000076cb00000,0x000000078a900000,0x000000078a900000)
  from space 49664K, 11% used [0x000000078a900000,0x000000078aecf338,0x000000078d980000)
  to   space 48128K, 0% used [0x0000000791e80000,0x0000000791e80000,0x0000000794d80000)
 ParOldGen       total 294912K, used 135397K [0x00000006c6000000, 0x00000006d8000000, 0x000000076cb00000)
  object space 294912K, 45% used [0x00000006c6000000,0x00000006ce4395f8,0x00000006d8000000)
 Metaspace       used 37759K, capacity 38974K, committed 39296K, reserved 1083392K
  class space    used 5148K, capacity 5418K, committed 5504K, reserved 1048576K
Event: 43,075 GC heap after
Heap after GC invocations=17 (full 3):
 PSYoungGen      total 580096K, used 5743K [0x000000076cb00000, 0x0000000793d00000, 0x00000007c0000000)
  eden space 548864K, 0% used [0x000000076cb00000,0x000000076cb00000,0x000000078e300000)
  from space 31232K, 18% used [0x0000000791e80000,0x000000079241bca8,0x0000000793d00000)
  to   space 46080K, 0% used [0x000000078e300000,0x000000078e300000,0x0000000791000000)
 ParOldGen       total 294912K, used 135405K [0x00000006c6000000, 0x00000006d8000000, 0x000000076cb00000)
  object space 294912K, 45% used [0x00000006c6000000,0x00000006ce43b5f8,0x00000006d8000000)
 Metaspace       used 37759K, capacity 38974K, committed 39296K, reserved 1083392K
  class space    used 5148K, capacity 5418K, committed 5504K, reserved 1048576K
}
Event: 51,694 GC heap before
{Heap before GC invocations=18 (full 3):
 PSYoungGen      total 580096K, used 554607K [0x000000076cb00000, 0x0000000793d00000, 0x00000007c0000000)
  eden space 548864K, 100% used [0x000000076cb00000,0x000000078e300000,0x000000078e300000)
  from space 31232K, 18% used [0x0000000791e80000,0x000000079241bca8,0x0000000793d00000)
  to   space 46080K, 0% used [0x000000078e300000,0x000000078e300000,0x0000000791000000)
 ParOldGen       total 294912K, used 135405K [0x00000006c6000000, 0x00000006d8000000, 0x000000076cb00000)
  object space 294912K, 45% used [0x00000006c6000000,0x00000006ce43b5f8,0x00000006d8000000)
 Metaspace       used 37845K, capacity 39050K, committed 39296K, reserved 1083392K
  class space    used 5148K, capacity 5418K, committed 5504K, reserved 1048576K
Event: 51,717 GC heap after
Heap after GC invocations=18 (full 3):
 PSYoungGen      total 594944K, used 5839K [0x000000076cb00000, 0x0000000797100000, 0x00000007c0000000)
  eden space 548864K, 0% used [0x000000076cb00000,0x000000076cb00000,0x000000078e300000)
  from space 46080K, 12% used [0x000000078e300000,0x000000078e8b3ca8,0x0000000791000000)
  to   space 44032K, 0% used [0x0000000794600000,0x0000000794600000,0x0000000797100000)
 ParOldGen       total 294912K, used 135405K [0x00000006c6000000, 0x00000006d8000000, 0x000000076cb00000)
  object space 294912K, 45% used [0x00000006c6000000,0x00000006ce43b5f8,0x00000006d8000000)
 Metaspace       used 37845K, capacity 39050K, committed 39296K, reserved 1083392K
  class space    used 5148K, capacity 5418K, committed 5504K, reserved 1048576K
}
Event: 62,877 GC heap before
{Heap before GC invocations=19 (full 3):
 PSYoungGen      total 594944K, used 554703K [0x000000076cb00000, 0x0000000797100000, 0x00000007c0000000)
  eden space 548864K, 100% used [0x000000076cb00000,0x000000078e300000,0x000000078e300000)
  from space 46080K, 12% used [0x000000078e300000,0x000000078e8b3ca8,0x0000000791000000)
  to   space 44032K, 0% used [0x0000000794600000,0x0000000794600000,0x0000000797100000)
 ParOldGen       total 294912K, used 135405K [0x00000006c6000000, 0x00000006d8000000, 0x000000076cb00000)
  object space 294912K, 45% used [0x00000006c6000000,0x00000006ce43b5f8,0x00000006d8000000)
 Metaspace       used 38005K, capacity 39196K, committed 39296K, reserved 1083392K
  class space    used 5150K, capacity 5421K, committed 5504K, reserved 1048576K
Event: 62,920 GC heap after
Heap after GC invocations=19 (full 3):
 PSYoungGen      total 635904K, used 7252K [0x000000076cb00000, 0x0000000796800000, 0x00000007c0000000)
  eden space 601088K, 0% used [0x000000076cb00000,0x000000076cb00000,0x0000000791600000)
  from space 34816K, 20% used [0x0000000794600000,0x0000000794d15208,0x0000000796800000)
  to   space 41984K, 0% used [0x0000000791600000,0x0000000791600000,0x0000000793f00000)
 ParOldGen       total 294912K, used 135413K [0x00000006c6000000, 0x00000006d8000000, 0x000000076cb00000)
  object space 294912K, 45% used [0x00000006c6000000,0x00000006ce43d5f8,0x00000006d8000000)
 Metaspace       used 38005K, capacity 39196K, committed 39296K, reserved 1083392K
  class space    used 5150K, capacity 5421K, committed 5504K, reserved 1048576K
}

